# JRE version: OpenJDK Runtime Environment (21.0.6) (build 21.0.6+-13391695-b895.109)
# Java VM: OpenJDK 64-Bit Server VM (21.0.6+-13391695-b895.109, mixed mode, tiered, compressed oops, compressed class ptrs, g1 gc, windows-amd64)
GC Precious Log:
 CardTable entry size: 512
 Card Set container configuration: InlinePtr #cards 5 size 8 Array Of Cards #cards 12 size 40 Howl #buckets 4 coarsen threshold 1843 Howl Bitmap #cards 512 size 80 coarsen threshold 460 Card regions per heap region 1 cards per card region 2048
 CPUs: 12 total, 12 available
 Memory: 16068M
 Large Page Support: Disabled
 NUMA Support: Disabled
 Compressed Oops: Enabled (32-bit)
 Heap Region Size: 1M
 Heap Min Capacity: 8M
 Heap Initial Capacity: 252M
 Heap Max Capacity: 2G
 Pre-touch: Disabled
 Parallel Workers: 10
 Concurrent Workers: 3
 Concurrent Refinement Workers: 10
 Periodic GC: Disabled
Heap:
 garbage-first heap   total 218112K, used 132062K [0x0000000080000000, 0x0000000100000000)
  region size 1024K, 82 young (83968K), 9 survivors (9216K)
 Metaspace       used 66115K, committed 67648K, reserved 1114112K
  class space    used 8782K, committed 9536K, reserved 1048576K
GC Heap History (20 events):
Event: 15.278 GC heap before
{Heap before GC invocations=47 (full 0):
 garbage-first heap   total 150528K, used 135295K [0x0000000080000000, 0x0000000100000000)
  region size 1024K, 87 young (89088K), 6 survivors (6144K)
 Metaspace       used 66094K, committed 67648K, reserved 1114112K
  class space    used 8782K, committed 9536K, reserved 1048576K
}
Event: 15.282 GC heap after
{Heap after GC invocations=48 (full 0):
 garbage-first heap   total 150528K, used 52803K [0x0000000080000000, 0x0000000100000000)
  region size 1024K, 6 young (6144K), 6 survivors (6144K)
 Metaspace       used 66094K, committed 67648K, reserved 1114112K
  class space    used 8782K, committed 9536K, reserved 1048576K
}
Event: 15.446 GC heap before
{Heap before GC invocations=48 (full 0):
 garbage-first heap   total 150528K, used 135747K [0x0000000080000000, 0x0000000100000000)
  region size 1024K, 87 young (89088K), 6 survivors (6144K)
 Metaspace       used 66094K, committed 67648K, reserved 1114112K
  class space    used 8782K, committed 9536K, reserved 1048576K
}
Event: 15.450 GC heap after
{Heap after GC invocations=49 (full 0):
 garbage-first heap   total 181248K, used 52732K [0x0000000080000000, 0x0000000100000000)
  region size 1024K, 6 young (6144K), 6 survivors (6144K)
 Metaspace       used 66094K, committed 67648K, reserved 1114112K
  class space    used 8782K, committed 9536K, reserved 1048576K
}
Event: 15.663 GC heap before
{Heap before GC invocations=50 (full 0):
 garbage-first heap   total 181248K, used 155132K [0x0000000080000000, 0x0000000100000000)
  region size 1024K, 106 young (108544K), 6 survivors (6144K)
 Metaspace       used 66097K, committed 67648K, reserved 1114112K
  class space    used 8782K, committed 9536K, reserved 1048576K
}
Event: 15.667 GC heap after
{Heap after GC invocations=51 (full 0):
 garbage-first heap   total 181248K, used 54576K [0x0000000080000000, 0x0000000100000000)
  region size 1024K, 7 young (7168K), 7 survivors (7168K)
 Metaspace       used 66097K, committed 67648K, reserved 1114112K
  class space    used 8782K, committed 9536K, reserved 1048576K
}
Event: 15.820 GC heap before
{Heap before GC invocations=51 (full 0):
 garbage-first heap   total 181248K, used 155952K [0x0000000080000000, 0x0000000100000000)
  region size 1024K, 106 young (108544K), 7 survivors (7168K)
 Metaspace       used 66100K, committed 67648K, reserved 1114112K
  class space    used 8782K, committed 9536K, reserved 1048576K
}
Event: 15.824 GC heap after
{Heap after GC invocations=52 (full 0):
 garbage-first heap   total 181248K, used 54419K [0x0000000080000000, 0x0000000100000000)
  region size 1024K, 7 young (7168K), 7 survivors (7168K)
 Metaspace       used 66100K, committed 67648K, reserved 1114112K
  class space    used 8782K, committed 9536K, reserved 1048576K
}
Event: 15.992 GC heap before
{Heap before GC invocations=52 (full 0):
 garbage-first heap   total 181248K, used 155795K [0x0000000080000000, 0x0000000100000000)
  region size 1024K, 106 young (108544K), 7 survivors (7168K)
 Metaspace       used 66109K, committed 67648K, reserved 1114112K
  class space    used 8782K, committed 9536K, reserved 1048576K
}
Event: 15.995 GC heap after
{Heap after GC invocations=53 (full 0):
 garbage-first heap   total 181248K, used 54936K [0x0000000080000000, 0x0000000100000000)
  region size 1024K, 7 young (7168K), 7 survivors (7168K)
 Metaspace       used 66109K, committed 67648K, reserved 1114112K
  class space    used 8782K, committed 9536K, reserved 1048576K
}
Event: 16.138 GC heap before
{Heap before GC invocations=53 (full 0):
 garbage-first heap   total 181248K, used 156312K [0x0000000080000000, 0x0000000100000000)
  region size 1024K, 106 young (108544K), 7 survivors (7168K)
 Metaspace       used 66110K, committed 67648K, reserved 1114112K
  class space    used 8782K, committed 9536K, reserved 1048576K
}
Event: 16.142 GC heap after
{Heap after GC invocations=54 (full 0):
 garbage-first heap   total 181248K, used 55254K [0x0000000080000000, 0x0000000100000000)
  region size 1024K, 7 young (7168K), 7 survivors (7168K)
 Metaspace       used 66110K, committed 67648K, reserved 1114112K
  class space    used 8782K, committed 9536K, reserved 1048576K
}
Event: 16.270 GC heap before
{Heap before GC invocations=54 (full 0):
 garbage-first heap   total 181248K, used 156630K [0x0000000080000000, 0x0000000100000000)
  region size 1024K, 106 young (108544K), 7 survivors (7168K)
 Metaspace       used 66110K, committed 67648K, reserved 1114112K
  class space    used 8782K, committed 9536K, reserved 1048576K
}
Event: 16.274 GC heap after
{Heap after GC invocations=55 (full 0):
 garbage-first heap   total 218112K, used 55661K [0x0000000080000000, 0x0000000100000000)
  region size 1024K, 7 young (7168K), 7 survivors (7168K)
 Metaspace       used 66110K, committed 67648K, reserved 1114112K
  class space    used 8782K, committed 9536K, reserved 1048576K
}
Event: 16.470 GC heap before
{Heap before GC invocations=55 (full 0):
 garbage-first heap   total 218112K, used 178541K [0x0000000080000000, 0x0000000100000000)
  region size 1024K, 127 young (130048K), 7 survivors (7168K)
 Metaspace       used 66110K, committed 67648K, reserved 1114112K
  class space    used 8782K, committed 9536K, reserved 1048576K
}
Event: 16.474 GC heap after
{Heap after GC invocations=56 (full 0):
 garbage-first heap   total 218112K, used 55851K [0x0000000080000000, 0x0000000100000000)
  region size 1024K, 7 young (7168K), 7 survivors (7168K)
 Metaspace       used 66110K, committed 67648K, reserved 1114112K
  class space    used 8782K, committed 9536K, reserved 1048576K
}
Event: 16.662 GC heap before
{Heap before GC invocations=56 (full 0):
 garbage-first heap   total 218112K, used 178731K [0x0000000080000000, 0x0000000100000000)
  region size 1024K, 127 young (130048K), 7 survivors (7168K)
 Metaspace       used 66110K, committed 67648K, reserved 1114112K
  class space    used 8782K, committed 9536K, reserved 1048576K
}
Event: 16.665 GC heap after
{Heap after GC invocations=57 (full 0):
 garbage-first heap   total 218112K, used 57163K [0x0000000080000000, 0x0000000100000000)
  region size 1024K, 9 young (9216K), 9 survivors (9216K)
 Metaspace       used 66110K, committed 67648K, reserved 1114112K
  class space    used 8782K, committed 9536K, reserved 1048576K
}
Event: 16.881 GC heap before
{Heap before GC invocations=57 (full 0):
 garbage-first heap   total 218112K, used 177995K [0x0000000080000000, 0x0000000100000000)
  region size 1024K, 127 young (130048K), 9 survivors (9216K)
 Metaspace       used 66111K, committed 67648K, reserved 1114112K
  class space    used 8782K, committed 9536K, reserved 1048576K
}
Event: 16.885 GC heap after
{Heap after GC invocations=58 (full 0):
 garbage-first heap   total 218112K, used 58334K [0x0000000080000000, 0x0000000100000000)
  region size 1024K, 9 young (9216K), 9 survivors (9216K)
 Metaspace       used 66111K, committed 67648K, reserved 1114112K
  class space    used 8782K, committed 9536K, reserved 1048576K
}

