# JRE version: OpenJDK Runtime Environment (21.0.6) (build 21.0.6+-13391695-b895.109)
# Java VM: OpenJDK 64-Bit Server VM (21.0.6+-13391695-b895.109, mixed mode, tiered, compressed oops, compressed class ptrs, g1 gc, windows-amd64)
GC Precious Log:
 CardTable entry size: 512
 Card Set container configuration: InlinePtr #cards 5 size 8 Array Of Cards #cards 12 size 40 Howl #buckets 4 coarsen threshold 1843 Howl Bitmap #cards 512 size 80 coarsen threshold 460 Card regions per heap region 1 cards per card region 2048
 CPUs: 12 total, 12 available
 Memory: 16068M
 Large Page Support: Disabled
 NUMA Support: Disabled
 Compressed Oops: Enabled (32-bit)
 Heap Region Size: 1M
 Heap Min Capacity: 8M
 Heap Initial Capacity: 252M
 Heap Max Capacity: 2G
 Pre-touch: Disabled
 Parallel Workers: 10
 Concurrent Workers: 3
 Concurrent Refinement Workers: 10
 Periodic GC: Disabled
Heap:
 garbage-first heap   total 270336K, used 265153K [0x0000000080000000, 0x0000000100000000)
  region size 1024K, 43 young (44032K), 3 survivors (3072K)
 Metaspace       used 126948K, committed 129344K, reserved 1179648K
  class space    used 16985K, committed 18176K, reserved 1048576K
GC Heap History (20 events):
Event: 13.995 GC heap after
{Heap after GC invocations=40 (full 0):
 garbage-first heap   total 181248K, used 112881K [0x0000000080000000, 0x0000000100000000)
  region size 1024K, 7 young (7168K), 7 survivors (7168K)
 Metaspace       used 116971K, committed 119232K, reserved 1179648K
  class space    used 15862K, committed 16960K, reserved 1048576K
}
Event: 14.413 GC heap before
{Heap before GC invocations=40 (full 0):
 garbage-first heap   total 181248K, used 162033K [0x0000000080000000, 0x0000000100000000)
  region size 1024K, 56 young (57344K), 7 survivors (7168K)
 Metaspace       used 117939K, committed 120192K, reserved 1179648K
  class space    used 15914K, committed 17024K, reserved 1048576K
}
Event: 14.424 GC heap after
{Heap after GC invocations=41 (full 0):
 garbage-first heap   total 181248K, used 120767K [0x0000000080000000, 0x0000000100000000)
  region size 1024K, 7 young (7168K), 7 survivors (7168K)
 Metaspace       used 117939K, committed 120192K, reserved 1179648K
  class space    used 15914K, committed 17024K, reserved 1048576K
}
Event: 14.569 GC heap before
{Heap before GC invocations=41 (full 0):
 garbage-first heap   total 181248K, used 131007K [0x0000000080000000, 0x0000000100000000)
  region size 1024K, 19 young (19456K), 7 survivors (7168K)
 Metaspace       used 118516K, committed 120832K, reserved 1179648K
  class space    used 15959K, committed 17088K, reserved 1048576K
}
Event: 14.575 GC heap after
{Heap after GC invocations=42 (full 0):
 garbage-first heap   total 181248K, used 124760K [0x0000000080000000, 0x0000000100000000)
  region size 1024K, 4 young (4096K), 4 survivors (4096K)
 Metaspace       used 118516K, committed 120832K, reserved 1179648K
  class space    used 15959K, committed 17088K, reserved 1048576K
}
Event: 15.185 GC heap before
{Heap before GC invocations=43 (full 0):
 garbage-first heap   total 217088K, used 168792K [0x0000000080000000, 0x0000000100000000)
  region size 1024K, 42 young (43008K), 4 survivors (4096K)
 Metaspace       used 121722K, committed 124096K, reserved 1179648K
  class space    used 16309K, committed 17472K, reserved 1048576K
}
Event: 15.191 GC heap after
{Heap after GC invocations=44 (full 0):
 garbage-first heap   total 217088K, used 130266K [0x0000000080000000, 0x0000000100000000)
  region size 1024K, 6 young (6144K), 6 survivors (6144K)
 Metaspace       used 121722K, committed 124096K, reserved 1179648K
  class space    used 16309K, committed 17472K, reserved 1048576K
}
Event: 15.556 GC heap before
{Heap before GC invocations=44 (full 0):
 garbage-first heap   total 217088K, used 192730K [0x0000000080000000, 0x0000000100000000)
  region size 1024K, 67 young (68608K), 6 survivors (6144K)
 Metaspace       used 121907K, committed 124224K, reserved 1179648K
  class space    used 16319K, committed 17472K, reserved 1048576K
}
Event: 15.562 GC heap after
{Heap after GC invocations=45 (full 0):
 garbage-first heap   total 217088K, used 133120K [0x0000000080000000, 0x0000000100000000)
  region size 1024K, 5 young (5120K), 5 survivors (5120K)
 Metaspace       used 121907K, committed 124224K, reserved 1179648K
  class space    used 16319K, committed 17472K, reserved 1048576K
}
Event: 15.874 GC heap before
{Heap before GC invocations=45 (full 0):
 garbage-first heap   total 217088K, used 192512K [0x0000000080000000, 0x0000000100000000)
  region size 1024K, 64 young (65536K), 5 survivors (5120K)
 Metaspace       used 122253K, committed 124672K, reserved 1179648K
  class space    used 16392K, committed 17600K, reserved 1048576K
}
Event: 15.879 GC heap after
{Heap after GC invocations=46 (full 0):
 garbage-first heap   total 261120K, used 135450K [0x0000000080000000, 0x0000000100000000)
  region size 1024K, 5 young (5120K), 5 survivors (5120K)
 Metaspace       used 122253K, committed 124672K, reserved 1179648K
  class space    used 16392K, committed 17600K, reserved 1048576K
}
Event: 16.436 GC heap before
{Heap before GC invocations=47 (full 0):
 garbage-first heap   total 261120K, used 224538K [0x0000000080000000, 0x0000000100000000)
  region size 1024K, 93 young (95232K), 5 survivors (5120K)
 Metaspace       used 122547K, committed 124928K, reserved 1179648K
  class space    used 16427K, committed 17600K, reserved 1048576K
}
Event: 16.442 GC heap after
{Heap after GC invocations=48 (full 0):
 garbage-first heap   total 261120K, used 138736K [0x0000000080000000, 0x0000000100000000)
  region size 1024K, 8 young (8192K), 8 survivors (8192K)
 Metaspace       used 122547K, committed 124928K, reserved 1179648K
  class space    used 16427K, committed 17600K, reserved 1048576K
}
Event: 17.291 GC heap before
{Heap before GC invocations=48 (full 0):
 garbage-first heap   total 261120K, used 234992K [0x0000000080000000, 0x0000000100000000)
  region size 1024K, 103 young (105472K), 8 survivors (8192K)
 Metaspace       used 125381K, committed 127744K, reserved 1179648K
  class space    used 16770K, committed 17984K, reserved 1048576K
}
Event: 17.299 GC heap after
{Heap after GC invocations=49 (full 0):
 garbage-first heap   total 261120K, used 143425K [0x0000000080000000, 0x0000000100000000)
  region size 1024K, 11 young (11264K), 11 survivors (11264K)
 Metaspace       used 125381K, committed 127744K, reserved 1179648K
  class space    used 16770K, committed 17984K, reserved 1048576K
}
Event: 17.585 GC heap before
{Heap before GC invocations=49 (full 0):
 garbage-first heap   total 261120K, used 233537K [0x0000000080000000, 0x0000000100000000)
  region size 1024K, 100 young (102400K), 11 survivors (11264K)
 Metaspace       used 126237K, committed 128640K, reserved 1179648K
  class space    used 16904K, committed 18112K, reserved 1048576K
}
Event: 17.594 GC heap after
{Heap after GC invocations=50 (full 0):
 garbage-first heap   total 261120K, used 145384K [0x0000000080000000, 0x0000000100000000)
  region size 1024K, 6 young (6144K), 6 survivors (6144K)
 Metaspace       used 126237K, committed 128640K, reserved 1179648K
  class space    used 16904K, committed 18112K, reserved 1048576K
}
Event: 17.879 GC heap before
{Heap before GC invocations=50 (full 0):
 garbage-first heap   total 261120K, used 237544K [0x0000000080000000, 0x0000000100000000)
  region size 1024K, 97 young (99328K), 6 survivors (6144K)
 Metaspace       used 126447K, committed 128832K, reserved 1179648K
  class space    used 16931K, committed 18176K, reserved 1048576K
}
Event: 17.886 GC heap after
{Heap after GC invocations=51 (full 0):
 garbage-first heap   total 261120K, used 147393K [0x0000000080000000, 0x0000000100000000)
  region size 1024K, 8 young (8192K), 8 survivors (8192K)
 Metaspace       used 126447K, committed 128832K, reserved 1179648K
  class space    used 16931K, committed 18176K, reserved 1048576K
}
Event: 18.235 GC heap before
{Heap before GC invocations=52 (full 0):
 garbage-first heap   total 266240K, used 264129K [0x0000000080000000, 0x0000000100000000)
  region size 1024K, 48 young (49152K), 8 survivors (8192K)
 Metaspace       used 126948K, committed 129344K, reserved 1179648K
  class space    used 16985K, committed 18176K, reserved 1048576K
}

