# JRE version: OpenJDK Runtime Environment (21.0.6) (build 21.0.6+-13391695-b895.109)
# Java VM: OpenJDK 64-Bit Server VM (21.0.6+-13391695-b895.109, mixed mode, tiered, compressed oops, compressed class ptrs, g1 gc, windows-amd64)
GC Precious Log:
 CardTable entry size: 512
 Card Set container configuration: InlinePtr #cards 4 size 8 Array Of Cards #cards 16 size 48 Howl #buckets 8 coarsen threshold 3686 Howl Bitmap #cards 512 size 80 coarsen threshold 460 Card regions per heap region 1 cards per card region 4096
 CPUs: 12 total, 12 available
 Memory: 16068M
 Large Page Support: Disabled
 NUMA Support: Disabled
 Compressed Oops: Enabled (Zero based)
 Heap Region Size: 2M
 Heap Min Capacity: 8M
 Heap Initial Capacity: 252M
 Heap Max Capacity: 4018M
 Pre-touch: Disabled
 Parallel Workers: 10
 Concurrent Workers: 3
 Concurrent Refinement Workers: 10
 Periodic GC: Disabled
Heap:
 garbage-first heap   total 245760K, used 174078K [0x0000000704e00000, 0x0000000800000000)
  region size 2048K, 30 young (61440K), 3 survivors (6144K)
 Metaspace       used 59578K, committed 59904K, reserved 1114112K
  class space    used 6472K, committed 6656K, reserved 1048576K
GC Heap History (20 events):
Event: 21.946 GC heap before
{Heap before GC invocations=14 (full 0):
 garbage-first heap   total 116736K, used 90465K [0x0000000704e00000, 0x0000000800000000)
  region size 2048K, 16 young (32768K), 2 survivors (4096K)
 Metaspace       used 51032K, committed 51328K, reserved 1114112K
  class space    used 5706K, committed 5824K, reserved 1048576K
}
Event: 21.980 GC heap after
{Heap after GC invocations=15 (full 0):
 garbage-first heap   total 116736K, used 69632K [0x0000000704e00000, 0x0000000800000000)
  region size 2048K, 2 young (4096K), 2 survivors (4096K)
 Metaspace       used 51032K, committed 51328K, reserved 1114112K
  class space    used 5706K, committed 5824K, reserved 1048576K
}
Event: 22.443 GC heap before
{Heap before GC invocations=15 (full 0):
 garbage-first heap   total 116736K, used 96256K [0x0000000704e00000, 0x0000000800000000)
  region size 2048K, 15 young (30720K), 2 survivors (4096K)
 Metaspace       used 51032K, committed 51328K, reserved 1114112K
  class space    used 5706K, committed 5824K, reserved 1048576K
}
Event: 22.459 GC heap after
{Heap after GC invocations=16 (full 0):
 garbage-first heap   total 116736K, used 75776K [0x0000000704e00000, 0x0000000800000000)
  region size 2048K, 2 young (4096K), 2 survivors (4096K)
 Metaspace       used 51032K, committed 51328K, reserved 1114112K
  class space    used 5706K, committed 5824K, reserved 1048576K
}
Event: 22.757 GC heap before
{Heap before GC invocations=17 (full 0):
 garbage-first heap   total 126976K, used 98304K [0x0000000704e00000, 0x0000000800000000)
  region size 2048K, 13 young (26624K), 2 survivors (4096K)
 Metaspace       used 51032K, committed 51328K, reserved 1114112K
  class space    used 5706K, committed 5824K, reserved 1048576K
}
Event: 22.768 GC heap after
{Heap after GC invocations=18 (full 0):
 garbage-first heap   total 126976K, used 81122K [0x0000000704e00000, 0x0000000800000000)
  region size 2048K, 2 young (4096K), 2 survivors (4096K)
 Metaspace       used 51032K, committed 51328K, reserved 1114112K
  class space    used 5706K, committed 5824K, reserved 1048576K
}
Event: 23.660 GC heap before
{Heap before GC invocations=18 (full 0):
 garbage-first heap   total 126976K, used 107746K [0x0000000704e00000, 0x0000000800000000)
  region size 2048K, 15 young (30720K), 2 survivors (4096K)
 Metaspace       used 51032K, committed 51328K, reserved 1114112K
  class space    used 5706K, committed 5824K, reserved 1048576K
}
Event: 23.673 GC heap after
{Heap after GC invocations=19 (full 0):
 garbage-first heap   total 126976K, used 87563K [0x0000000704e00000, 0x0000000800000000)
  region size 2048K, 2 young (4096K), 2 survivors (4096K)
 Metaspace       used 51032K, committed 51328K, reserved 1114112K
  class space    used 5706K, committed 5824K, reserved 1048576K
}
Event: 23.806 GC heap before
{Heap before GC invocations=19 (full 0):
 garbage-first heap   total 126976K, used 110091K [0x0000000704e00000, 0x0000000800000000)
  region size 2048K, 13 young (26624K), 2 survivors (4096K)
 Metaspace       used 51032K, committed 51328K, reserved 1114112K
  class space    used 5706K, committed 5824K, reserved 1048576K
}
Event: 23.817 GC heap after
{Heap after GC invocations=20 (full 0):
 garbage-first heap   total 126976K, used 92841K [0x0000000704e00000, 0x0000000800000000)
  region size 2048K, 2 young (4096K), 2 survivors (4096K)
 Metaspace       used 51032K, committed 51328K, reserved 1114112K
  class space    used 5706K, committed 5824K, reserved 1048576K
}
Event: 24.360 GC heap before
{Heap before GC invocations=21 (full 0):
 garbage-first heap   total 157696K, used 111273K [0x0000000704e00000, 0x0000000800000000)
  region size 2048K, 11 young (22528K), 2 survivors (4096K)
 Metaspace       used 51045K, committed 51328K, reserved 1114112K
  class space    used 5706K, committed 5824K, reserved 1048576K
}
Event: 24.375 GC heap after
{Heap after GC invocations=22 (full 0):
 garbage-first heap   total 157696K, used 97687K [0x0000000704e00000, 0x0000000800000000)
  region size 2048K, 2 young (4096K), 2 survivors (4096K)
 Metaspace       used 51045K, committed 51328K, reserved 1114112K
  class space    used 5706K, committed 5824K, reserved 1048576K
}
Event: 26.602 GC heap before
{Heap before GC invocations=22 (full 0):
 garbage-first heap   total 157696K, used 134551K [0x0000000704e00000, 0x0000000800000000)
  region size 2048K, 20 young (40960K), 2 survivors (4096K)
 Metaspace       used 55329K, committed 55680K, reserved 1114112K
  class space    used 6207K, committed 6336K, reserved 1048576K
}
Event: 26.623 GC heap after
{Heap after GC invocations=23 (full 0):
 garbage-first heap   total 157696K, used 103302K [0x0000000704e00000, 0x0000000800000000)
  region size 2048K, 3 young (6144K), 3 survivors (6144K)
 Metaspace       used 55329K, committed 55680K, reserved 1114112K
  class space    used 6207K, committed 6336K, reserved 1048576K
}
Event: 28.403 GC heap before
{Heap before GC invocations=23 (full 0):
 garbage-first heap   total 157696K, used 136070K [0x0000000704e00000, 0x0000000800000000)
  region size 2048K, 19 young (38912K), 3 survivors (6144K)
 Metaspace       used 56843K, committed 57152K, reserved 1114112K
  class space    used 6316K, committed 6464K, reserved 1048576K
}
Event: 28.431 GC heap after
{Heap after GC invocations=24 (full 0):
 garbage-first heap   total 157696K, used 109836K [0x0000000704e00000, 0x0000000800000000)
  region size 2048K, 3 young (6144K), 3 survivors (6144K)
 Metaspace       used 56843K, committed 57152K, reserved 1114112K
  class space    used 6316K, committed 6464K, reserved 1048576K
}
Event: 29.738 GC heap before
{Heap before GC invocations=25 (full 0):
 garbage-first heap   total 184320K, used 138508K [0x0000000704e00000, 0x0000000800000000)
  region size 2048K, 17 young (34816K), 3 survivors (6144K)
 Metaspace       used 57744K, committed 58048K, reserved 1114112K
  class space    used 6388K, committed 6528K, reserved 1048576K
}
Event: 29.757 GC heap after
{Heap after GC invocations=26 (full 0):
 garbage-first heap   total 184320K, used 115811K [0x0000000704e00000, 0x0000000800000000)
  region size 2048K, 3 young (6144K), 3 survivors (6144K)
 Metaspace       used 57744K, committed 58048K, reserved 1114112K
  class space    used 6388K, committed 6528K, reserved 1048576K
}
Event: 32.937 GC heap before
{Heap before GC invocations=26 (full 0):
 garbage-first heap   total 184320K, used 158819K [0x0000000704e00000, 0x0000000800000000)
  region size 2048K, 24 young (49152K), 3 survivors (6144K)
 Metaspace       used 58648K, committed 59008K, reserved 1114112K
  class space    used 6415K, committed 6592K, reserved 1048576K
}
Event: 32.967 GC heap after
{Heap after GC invocations=27 (full 0):
 garbage-first heap   total 245760K, used 120830K [0x0000000704e00000, 0x0000000800000000)
  region size 2048K, 3 young (6144K), 3 survivors (6144K)
 Metaspace       used 58648K, committed 59008K, reserved 1114112K
  class space    used 6415K, committed 6592K, reserved 1048576K
}

