# JRE version: OpenJDK Runtime Environment (21.0.6) (build 21.0.6+-13391695-b895.109)
# Java VM: OpenJDK 64-Bit Server VM (21.0.6+-13391695-b895.109, mixed mode, tiered, compressed oops, compressed class ptrs, g1 gc, windows-amd64)
GC Precious Log:
 CardTable entry size: 512
 Card Set container configuration: InlinePtr #cards 5 size 8 Array Of Cards #cards 12 size 40 Howl #buckets 4 coarsen threshold 1843 Howl Bitmap #cards 512 size 80 coarsen threshold 460 Card regions per heap region 1 cards per card region 2048
 CPUs: 12 total, 12 available
 Memory: 16068M
 Large Page Support: Disabled
 NUMA Support: Disabled
 Compressed Oops: Enabled (32-bit)
 Heap Region Size: 1M
 Heap Min Capacity: 8M
 Heap Initial Capacity: 252M
 Heap Max Capacity: 2G
 Pre-touch: Disabled
 Parallel Workers: 10
 Concurrent Workers: 3
 Concurrent Refinement Workers: 10
 Periodic GC: Disabled
Heap:
 garbage-first heap   total 281600K, used 164271K [0x0000000080000000, 0x0000000100000000)
  region size 1024K, 9 young (9216K), 9 survivors (9216K)
 Metaspace       used 139948K, committed 142400K, reserved 1179648K
  class space    used 18146K, committed 19392K, reserved 1048576K
GC Heap History (20 events):
Event: 24.577 GC heap after
{Heap after GC invocations=49 (full 0):
 garbage-first heap   total 222208K, used 139159K [0x0000000080000000, 0x0000000100000000)
  region size 1024K, 6 young (6144K), 6 survivors (6144K)
 Metaspace       used 128970K, committed 131328K, reserved 1179648K
  class space    used 16988K, committed 18176K, reserved 1048576K
}
Event: 24.843 GC heap before
{Heap before GC invocations=49 (full 0):
 garbage-first heap   total 222208K, used 197527K [0x0000000080000000, 0x0000000100000000)
  region size 1024K, 64 young (65536K), 6 survivors (6144K)
 Metaspace       used 128995K, committed 131392K, reserved 1179648K
  class space    used 16988K, committed 18176K, reserved 1048576K
}
Event: 24.849 GC heap after
{Heap after GC invocations=50 (full 0):
 garbage-first heap   total 222208K, used 137711K [0x0000000080000000, 0x0000000100000000)
  region size 1024K, 4 young (4096K), 4 survivors (4096K)
 Metaspace       used 128995K, committed 131392K, reserved 1179648K
  class space    used 16988K, committed 18176K, reserved 1048576K
}
Event: 25.397 GC heap before
{Heap before GC invocations=50 (full 0):
 garbage-first heap   total 222208K, used 199151K [0x0000000080000000, 0x0000000100000000)
  region size 1024K, 65 young (66560K), 4 survivors (4096K)
 Metaspace       used 131232K, committed 133632K, reserved 1179648K
  class space    used 17301K, committed 18496K, reserved 1048576K
}
Event: 25.401 GC heap after
{Heap after GC invocations=51 (full 0):
 garbage-first heap   total 222208K, used 140189K [0x0000000080000000, 0x0000000100000000)
  region size 1024K, 7 young (7168K), 7 survivors (7168K)
 Metaspace       used 131232K, committed 133632K, reserved 1179648K
  class space    used 17301K, committed 18496K, reserved 1048576K
}
Event: 26.731 GC heap before
{Heap before GC invocations=52 (full 0):
 garbage-first heap   total 235520K, used 200605K [0x0000000080000000, 0x0000000100000000)
  region size 1024K, 67 young (68608K), 7 survivors (7168K)
 Metaspace       used 131999K, committed 134400K, reserved 1179648K
  class space    used 17327K, committed 18560K, reserved 1048576K
}
Event: 26.740 GC heap after
{Heap after GC invocations=53 (full 0):
 garbage-first heap   total 235520K, used 157061K [0x0000000080000000, 0x0000000100000000)
  region size 1024K, 9 young (9216K), 9 survivors (9216K)
 Metaspace       used 131999K, committed 134400K, reserved 1179648K
  class space    used 17327K, committed 18560K, reserved 1048576K
}
Event: 27.662 GC heap before
{Heap before GC invocations=53 (full 0):
 garbage-first heap   total 235520K, used 221573K [0x0000000080000000, 0x0000000100000000)
  region size 1024K, 60 young (61440K), 9 survivors (9216K)
 Metaspace       used 132722K, committed 135168K, reserved 1179648K
  class space    used 17391K, committed 18624K, reserved 1048576K
}
Event: 27.671 GC heap after
{Heap after GC invocations=54 (full 0):
 garbage-first heap   total 242688K, used 161369K [0x0000000080000000, 0x0000000100000000)
  region size 1024K, 7 young (7168K), 7 survivors (7168K)
 Metaspace       used 132722K, committed 135168K, reserved 1179648K
  class space    used 17391K, committed 18624K, reserved 1048576K
}
Event: 28.006 GC heap before
{Heap before GC invocations=54 (full 0):
 garbage-first heap   total 242688K, used 215641K [0x0000000080000000, 0x0000000100000000)
  region size 1024K, 61 young (62464K), 7 survivors (7168K)
 Metaspace       used 135845K, committed 138304K, reserved 1179648K
  class space    used 17680K, committed 18880K, reserved 1048576K
}
Event: 28.013 GC heap after
{Heap after GC invocations=55 (full 0):
 garbage-first heap   total 242688K, used 168830K [0x0000000080000000, 0x0000000100000000)
  region size 1024K, 7 young (7168K), 7 survivors (7168K)
 Metaspace       used 135845K, committed 138304K, reserved 1179648K
  class space    used 17680K, committed 18880K, reserved 1048576K
}
Event: 28.293 GC heap before
{Heap before GC invocations=56 (full 0):
 garbage-first heap   total 281600K, used 219006K [0x0000000080000000, 0x0000000100000000)
  region size 1024K, 57 young (58368K), 7 survivors (7168K)
 Metaspace       used 136524K, committed 138944K, reserved 1179648K
  class space    used 17743K, committed 18944K, reserved 1048576K
}
Event: 28.298 GC heap after
{Heap after GC invocations=57 (full 0):
 garbage-first heap   total 281600K, used 168447K [0x0000000080000000, 0x0000000100000000)
  region size 1024K, 2 young (2048K), 2 survivors (2048K)
 Metaspace       used 136524K, committed 138944K, reserved 1179648K
  class space    used 17743K, committed 18944K, reserved 1048576K
}
Event: 29.237 GC heap before
{Heap before GC invocations=57 (full 0):
 garbage-first heap   total 281600K, used 251391K [0x0000000080000000, 0x0000000100000000)
  region size 1024K, 83 young (84992K), 2 survivors (2048K)
 Metaspace       used 138682K, committed 141120K, reserved 1179648K
  class space    used 17994K, committed 19200K, reserved 1048576K
}
Event: 29.245 GC heap after
{Heap after GC invocations=58 (full 0):
 garbage-first heap   total 281600K, used 169070K [0x0000000080000000, 0x0000000100000000)
  region size 1024K, 6 young (6144K), 6 survivors (6144K)
 Metaspace       used 138682K, committed 141120K, reserved 1179648K
  class space    used 17994K, committed 19200K, reserved 1048576K
}
Event: 29.694 GC heap before
{Heap before GC invocations=58 (full 0):
 garbage-first heap   total 281600K, used 257134K [0x0000000080000000, 0x0000000100000000)
  region size 1024K, 93 young (95232K), 6 survivors (6144K)
 Metaspace       used 139271K, committed 141696K, reserved 1179648K
  class space    used 18064K, committed 19264K, reserved 1048576K
}
Event: 29.700 GC heap after
{Heap after GC invocations=59 (full 0):
 garbage-first heap   total 281600K, used 172298K [0x0000000080000000, 0x0000000100000000)
  region size 1024K, 9 young (9216K), 9 survivors (9216K)
 Metaspace       used 139271K, committed 141696K, reserved 1179648K
  class space    used 18064K, committed 19264K, reserved 1048576K
}
Event: 30.089 GC heap before
{Heap before GC invocations=60 (full 0):
 garbage-first heap   total 281600K, used 250122K [0x0000000080000000, 0x0000000100000000)
  region size 1024K, 91 young (93184K), 9 survivors (9216K)
 Metaspace       used 139607K, committed 142080K, reserved 1179648K
  class space    used 18107K, committed 19328K, reserved 1048576K
}
Event: 30.097 GC heap after
{Heap after GC invocations=61 (full 0):
 garbage-first heap   total 281600K, used 169334K [0x0000000080000000, 0x0000000100000000)
  region size 1024K, 8 young (8192K), 8 survivors (8192K)
 Metaspace       used 139607K, committed 142080K, reserved 1179648K
  class space    used 18107K, committed 19328K, reserved 1048576K
}
Event: 30.463 GC heap before
{Heap before GC invocations=61 (full 0):
 garbage-first heap   total 281600K, used 265590K [0x0000000080000000, 0x0000000100000000)
  region size 1024K, 94 young (96256K), 8 survivors (8192K)
 Metaspace       used 139948K, committed 142400K, reserved 1179648K
  class space    used 18146K, committed 19392K, reserved 1048576K
}

