# JRE version: OpenJDK Runtime Environment (21.0.6) (build 21.0.6+-13391695-b895.109)
# Java VM: OpenJDK 64-Bit Server VM (21.0.6+-13391695-b895.109, mixed mode, tiered, compressed oops, compressed class ptrs, g1 gc, windows-amd64)
GC Precious Log:
 CardTable entry size: 512
 Card Set container configuration: InlinePtr #cards 5 size 8 Array Of Cards #cards 12 size 40 Howl #buckets 4 coarsen threshold 1843 Howl Bitmap #cards 512 size 80 coarsen threshold 460 Card regions per heap region 1 cards per card region 2048
 CPUs: 12 total, 12 available
 Memory: 16068M
 Large Page Support: Disabled
 NUMA Support: Disabled
 Compressed Oops: Enabled (32-bit)
 Heap Region Size: 1M
 Heap Min Capacity: 8M
 Heap Initial Capacity: 252M
 Heap Max Capacity: 2G
 Pre-touch: Disabled
 Parallel Workers: 10
 Concurrent Workers: 3
 Concurrent Refinement Workers: 10
 Periodic GC: Disabled
Heap:
 garbage-first heap   total 404480K, used 318264K [0x0000000080000000, 0x0000000100000000)
  region size 1024K, 9 young (9216K), 5 survivors (5120K)
 Metaspace       used 125299K, committed 127552K, reserved 1179648K
  class space    used 16885K, committed 17984K, reserved 1048576K
GC Heap History (20 events):
Event: 15.937 GC heap before
{Heap before GC invocations=43 (full 0):
 garbage-first heap   total 198656K, used 170176K [0x0000000080000000, 0x0000000100000000)
  region size 1024K, 58 young (59392K), 6 survivors (6144K)
 Metaspace       used 117621K, committed 119872K, reserved 1179648K
  class space    used 15824K, committed 16960K, reserved 1048576K
}
Event: 15.942 GC heap after
{Heap after GC invocations=44 (full 0):
 garbage-first heap   total 198656K, used 120096K [0x0000000080000000, 0x0000000100000000)
  region size 1024K, 5 young (5120K), 5 survivors (5120K)
 Metaspace       used 117621K, committed 119872K, reserved 1179648K
  class space    used 15824K, committed 16960K, reserved 1048576K
}
Event: 16.282 GC heap before
{Heap before GC invocations=44 (full 0):
 garbage-first heap   total 198656K, used 180512K [0x0000000080000000, 0x0000000100000000)
  region size 1024K, 65 young (66560K), 5 survivors (5120K)
 Metaspace       used 117943K, committed 120128K, reserved 1179648K
  class space    used 15862K, committed 16960K, reserved 1048576K
}
Event: 16.288 GC heap after
{Heap after GC invocations=45 (full 0):
 garbage-first heap   total 198656K, used 121174K [0x0000000080000000, 0x0000000100000000)
  region size 1024K, 8 young (8192K), 8 survivors (8192K)
 Metaspace       used 117943K, committed 120128K, reserved 1179648K
  class space    used 15862K, committed 16960K, reserved 1048576K
}
Event: 16.864 GC heap before
{Heap before GC invocations=45 (full 0):
 garbage-first heap   total 198656K, used 177494K [0x0000000080000000, 0x0000000100000000)
  region size 1024K, 64 young (65536K), 8 survivors (8192K)
 Metaspace       used 120256K, committed 122432K, reserved 1179648K
  class space    used 16166K, committed 17280K, reserved 1048576K
}
Event: 16.872 GC heap after
{Heap after GC invocations=46 (full 0):
 garbage-first heap   total 198656K, used 124310K [0x0000000080000000, 0x0000000100000000)
  region size 1024K, 6 young (6144K), 6 survivors (6144K)
 Metaspace       used 120256K, committed 122432K, reserved 1179648K
  class space    used 16166K, committed 17280K, reserved 1048576K
}
Event: 17.094 GC heap before
{Heap before GC invocations=47 (full 0):
 garbage-first heap   total 208896K, used 179606K [0x0000000080000000, 0x0000000100000000)
  region size 1024K, 61 young (62464K), 6 survivors (6144K)
 Metaspace       used 121204K, committed 123392K, reserved 1179648K
  class space    used 16309K, committed 17408K, reserved 1048576K
}
Event: 17.099 GC heap after
{Heap after GC invocations=48 (full 0):
 garbage-first heap   total 208896K, used 126660K [0x0000000080000000, 0x0000000100000000)
  region size 1024K, 5 young (5120K), 5 survivors (5120K)
 Metaspace       used 121204K, committed 123392K, reserved 1179648K
  class space    used 16309K, committed 17408K, reserved 1048576K
}
Event: 17.278 GC heap before
{Heap before GC invocations=48 (full 0):
 garbage-first heap   total 208896K, used 190148K [0x0000000080000000, 0x0000000100000000)
  region size 1024K, 68 young (69632K), 5 survivors (5120K)
 Metaspace       used 121253K, committed 123520K, reserved 1179648K
  class space    used 16315K, committed 17472K, reserved 1048576K
}
Event: 17.284 GC heap after
{Heap after GC invocations=49 (full 0):
 garbage-first heap   total 250880K, used 127694K [0x0000000080000000, 0x0000000100000000)
  region size 1024K, 7 young (7168K), 7 survivors (7168K)
 Metaspace       used 121253K, committed 123520K, reserved 1179648K
  class space    used 16315K, committed 17472K, reserved 1048576K
}
Event: 17.673 GC heap before
{Heap before GC invocations=49 (full 0):
 garbage-first heap   total 250880K, used 240334K [0x0000000080000000, 0x0000000100000000)
  region size 1024K, 89 young (91136K), 7 survivors (7168K)
 Metaspace       used 121711K, committed 123968K, reserved 1179648K
  class space    used 16377K, committed 17472K, reserved 1048576K
}
Event: 17.682 GC heap after
{Heap after GC invocations=50 (full 0):
 garbage-first heap   total 259072K, used 167333K [0x0000000080000000, 0x0000000100000000)
  region size 1024K, 14 young (14336K), 14 survivors (14336K)
 Metaspace       used 121711K, committed 123968K, reserved 1179648K
  class space    used 16377K, committed 17472K, reserved 1048576K
}
Event: 17.720 GC heap before
{Heap before GC invocations=50 (full 0):
 garbage-first heap   total 259072K, used 198053K [0x0000000080000000, 0x0000000100000000)
  region size 1024K, 15 young (15360K), 14 survivors (14336K)
 Metaspace       used 121711K, committed 123968K, reserved 1179648K
  class space    used 16377K, committed 17472K, reserved 1048576K
}
Event: 17.725 GC heap after
{Heap after GC invocations=51 (full 0):
 garbage-first heap   total 259072K, used 198875K [0x0000000080000000, 0x0000000100000000)
  region size 1024K, 1 young (1024K), 1 survivors (1024K)
 Metaspace       used 121711K, committed 123968K, reserved 1179648K
  class space    used 16377K, committed 17472K, reserved 1048576K
}
Event: 18.237 GC heap before
{Heap before GC invocations=52 (full 0):
 garbage-first heap   total 358400K, used 309467K [0x0000000080000000, 0x0000000100000000)
  region size 1024K, 40 young (40960K), 1 survivors (1024K)
 Metaspace       used 125101K, committed 127360K, reserved 1179648K
  class space    used 16857K, committed 17984K, reserved 1048576K
}
Event: 18.242 GC heap after
{Heap after GC invocations=53 (full 0):
 garbage-first heap   total 358400K, used 242945K [0x0000000080000000, 0x0000000100000000)
  region size 1024K, 5 young (5120K), 5 survivors (5120K)
 Metaspace       used 125101K, committed 127360K, reserved 1179648K
  class space    used 16857K, committed 17984K, reserved 1048576K
}
Event: 18.280 GC heap before
{Heap before GC invocations=53 (full 0):
 garbage-first heap   total 389120K, used 387329K [0x0000000080000000, 0x0000000100000000)
  region size 1024K, 26 young (26624K), 5 survivors (5120K)
 Metaspace       used 125105K, committed 127360K, reserved 1179648K
  class space    used 16857K, committed 17984K, reserved 1048576K
}
Event: 18.285 GC heap after
{Heap after GC invocations=54 (full 0):
 garbage-first heap   total 404480K, used 302865K [0x0000000080000000, 0x0000000100000000)
  region size 1024K, 9 young (9216K), 9 survivors (9216K)
 Metaspace       used 125105K, committed 127360K, reserved 1179648K
  class space    used 16857K, committed 17984K, reserved 1048576K
}
Event: 18.286 GC heap before
{Heap before GC invocations=54 (full 0):
 garbage-first heap   total 404480K, used 303889K [0x0000000080000000, 0x0000000100000000)
  region size 1024K, 12 young (12288K), 9 survivors (9216K)
 Metaspace       used 125105K, committed 127360K, reserved 1179648K
  class space    used 16857K, committed 17984K, reserved 1048576K
}
Event: 18.289 GC heap after
{Heap after GC invocations=55 (full 0):
 garbage-first heap   total 404480K, used 304952K [0x0000000080000000, 0x0000000100000000)
  region size 1024K, 5 young (5120K), 5 survivors (5120K)
 Metaspace       used 125105K, committed 127360K, reserved 1179648K
  class space    used 16857K, committed 17984K, reserved 1048576K
}

