# JRE version: OpenJDK Runtime Environment (21.0.6) (build 21.0.6+-13391695-b895.109)
# Java VM: OpenJDK 64-Bit Server VM (21.0.6+-13391695-b895.109, mixed mode, tiered, compressed oops, compressed class ptrs, g1 gc, windows-amd64)
GC Precious Log:
 CardTable entry size: 512
 Card Set container configuration: InlinePtr #cards 5 size 8 Array Of Cards #cards 12 size 40 Howl #buckets 4 coarsen threshold 1843 Howl Bitmap #cards 512 size 80 coarsen threshold 460 Card regions per heap region 1 cards per card region 2048
 CPUs: 12 total, 12 available
 Memory: 16068M
 Large Page Support: Disabled
 NUMA Support: Disabled
 Compressed Oops: Enabled (32-bit)
 Heap Region Size: 1M
 Heap Min Capacity: 8M
 Heap Initial Capacity: 252M
 Heap Max Capacity: 2G
 Pre-touch: Disabled
 Parallel Workers: 10
 Concurrent Workers: 3
 Concurrent Refinement Workers: 10
 Periodic GC: Disabled
Heap:
 garbage-first heap   total 295936K, used 259975K [0x0000000080000000, 0x0000000100000000)
  region size 1024K, 45 young (46080K), 15 survivors (15360K)
 Metaspace       used 129591K, committed 132032K, reserved 1179648K
  class space    used 17346K, committed 18560K, reserved 1048576K
GC Heap History (20 events):
Event: 14.875 GC heap before
{Heap before GC invocations=48 (full 0):
 garbage-first heap   total 194560K, used 160508K [0x0000000080000000, 0x0000000100000000)
  region size 1024K, 46 young (47104K), 7 survivors (7168K)
 Metaspace       used 119746K, committed 122048K, reserved 1179648K
  class space    used 16013K, committed 17152K, reserved 1048576K
}
Event: 14.884 GC heap after
{Heap after GC invocations=49 (full 0):
 garbage-first heap   total 194560K, used 123427K [0x0000000080000000, 0x0000000100000000)
  region size 1024K, 6 young (6144K), 6 survivors (6144K)
 Metaspace       used 119746K, committed 122048K, reserved 1179648K
  class space    used 16013K, committed 17152K, reserved 1048576K
}
Event: 15.505 GC heap before
{Heap before GC invocations=49 (full 0):
 garbage-first heap   total 194560K, used 174627K [0x0000000080000000, 0x0000000100000000)
  region size 1024K, 57 young (58368K), 6 survivors (6144K)
 Metaspace       used 121966K, committed 124288K, reserved 1179648K
  class space    used 16332K, committed 17536K, reserved 1048576K
}
Event: 15.513 GC heap after
{Heap after GC invocations=50 (full 0):
 garbage-first heap   total 194560K, used 131757K [0x0000000080000000, 0x0000000100000000)
  region size 1024K, 8 young (8192K), 8 survivors (8192K)
 Metaspace       used 121966K, committed 124288K, reserved 1179648K
  class space    used 16332K, committed 17536K, reserved 1048576K
}
Event: 15.674 GC heap before
{Heap before GC invocations=50 (full 0):
 garbage-first heap   total 194560K, used 174765K [0x0000000080000000, 0x0000000100000000)
  region size 1024K, 51 young (52224K), 8 survivors (8192K)
 Metaspace       used 121979K, committed 124288K, reserved 1179648K
  class space    used 16333K, committed 17536K, reserved 1048576K
}
Event: 15.679 GC heap after
{Heap after GC invocations=51 (full 0):
 garbage-first heap   total 194560K, used 134072K [0x0000000080000000, 0x0000000100000000)
  region size 1024K, 4 young (4096K), 4 survivors (4096K)
 Metaspace       used 121979K, committed 124288K, reserved 1179648K
  class space    used 16333K, committed 17536K, reserved 1048576K
}
Event: 15.940 GC heap before
{Heap before GC invocations=52 (full 0):
 garbage-first heap   total 224256K, used 177080K [0x0000000080000000, 0x0000000100000000)
  region size 1024K, 47 young (48128K), 4 survivors (4096K)
 Metaspace       used 121994K, committed 124352K, reserved 1179648K
  class space    used 16333K, committed 17536K, reserved 1048576K
}
Event: 15.944 GC heap after
{Heap after GC invocations=53 (full 0):
 garbage-first heap   total 224256K, used 134556K [0x0000000080000000, 0x0000000100000000)
  region size 1024K, 5 young (5120K), 5 survivors (5120K)
 Metaspace       used 121994K, committed 124352K, reserved 1179648K
  class space    used 16333K, committed 17536K, reserved 1048576K
}
Event: 16.423 GC heap before
{Heap before GC invocations=53 (full 0):
 garbage-first heap   total 224256K, used 203164K [0x0000000080000000, 0x0000000100000000)
  region size 1024K, 73 young (74752K), 5 survivors (5120K)
 Metaspace       used 122560K, committed 124928K, reserved 1179648K
  class space    used 16436K, committed 17600K, reserved 1048576K
}
Event: 16.432 GC heap after
{Heap after GC invocations=54 (full 0):
 garbage-first heap   total 224256K, used 135008K [0x0000000080000000, 0x0000000100000000)
  region size 1024K, 8 young (8192K), 8 survivors (8192K)
 Metaspace       used 122560K, committed 124928K, reserved 1179648K
  class space    used 16436K, committed 17600K, reserved 1048576K
}
Event: 16.809 GC heap before
{Heap before GC invocations=54 (full 0):
 garbage-first heap   total 224256K, used 201568K [0x0000000080000000, 0x0000000100000000)
  region size 1024K, 74 young (75776K), 8 survivors (8192K)
 Metaspace       used 122885K, committed 125248K, reserved 1179648K
  class space    used 16470K, committed 17664K, reserved 1048576K
}
Event: 16.815 GC heap after
{Heap after GC invocations=55 (full 0):
 garbage-first heap   total 224256K, used 138645K [0x0000000080000000, 0x0000000100000000)
  region size 1024K, 9 young (9216K), 9 survivors (9216K)
 Metaspace       used 122885K, committed 125248K, reserved 1179648K
  class space    used 16470K, committed 17664K, reserved 1048576K
}
Event: 17.505 GC heap before
{Heap before GC invocations=56 (full 0):
 garbage-first heap   total 232448K, used 201109K [0x0000000080000000, 0x0000000100000000)
  region size 1024K, 71 young (72704K), 9 survivors (9216K)
 Metaspace       used 125455K, committed 127872K, reserved 1179648K
  class space    used 16790K, committed 17984K, reserved 1048576K
}
Event: 17.513 GC heap after
{Heap after GC invocations=57 (full 0):
 garbage-first heap   total 232448K, used 142184K [0x0000000080000000, 0x0000000100000000)
  region size 1024K, 7 young (7168K), 7 survivors (7168K)
 Metaspace       used 125455K, committed 127872K, reserved 1179648K
  class space    used 16790K, committed 17984K, reserved 1048576K
}
Event: 17.762 GC heap before
{Heap before GC invocations=57 (full 0):
 garbage-first heap   total 232448K, used 210792K [0x0000000080000000, 0x0000000100000000)
  region size 1024K, 75 young (76800K), 7 survivors (7168K)
 Metaspace       used 126219K, committed 128576K, reserved 1179648K
  class space    used 16911K, committed 18112K, reserved 1048576K
}
Event: 17.770 GC heap after
{Heap after GC invocations=58 (full 0):
 garbage-first heap   total 232448K, used 142855K [0x0000000080000000, 0x0000000100000000)
  region size 1024K, 5 young (5120K), 5 survivors (5120K)
 Metaspace       used 126219K, committed 128576K, reserved 1179648K
  class space    used 16911K, committed 18112K, reserved 1048576K
}
Event: 18.013 GC heap before
{Heap before GC invocations=58 (full 0):
 garbage-first heap   total 232448K, used 213511K [0x0000000080000000, 0x0000000100000000)
  region size 1024K, 75 young (76800K), 5 survivors (5120K)
 Metaspace       used 126270K, committed 128640K, reserved 1179648K
  class space    used 16919K, committed 18112K, reserved 1048576K
}
Event: 18.020 GC heap after
{Heap after GC invocations=59 (full 0):
 garbage-first heap   total 279552K, used 144384K [0x0000000080000000, 0x0000000100000000)
  region size 1024K, 7 young (7168K), 7 survivors (7168K)
 Metaspace       used 126270K, committed 128640K, reserved 1179648K
  class space    used 16919K, committed 18112K, reserved 1048576K
}
Event: 18.511 GC heap before
{Heap before GC invocations=60 (full 0):
 garbage-first heap   total 279552K, used 277504K [0x0000000080000000, 0x0000000100000000)
  region size 1024K, 78 young (79872K), 7 survivors (7168K)
 Metaspace       used 126981K, committed 129408K, reserved 1179648K
  class space    used 17021K, committed 18240K, reserved 1048576K
}
Event: 19.573 GC heap after
{Heap after GC invocations=61 (full 0):
 garbage-first heap   total 295936K, used 215943K [0x0000000080000000, 0x0000000100000000)
  region size 1024K, 15 young (15360K), 15 survivors (15360K)
 Metaspace       used 126981K, committed 129408K, reserved 1179648K
  class space    used 17021K, committed 18240K, reserved 1048576K
}

